<?xml version="1.0" encoding="UTF-8"?>
<!-- Generated by org.testng.reporters.JUnitReportReporter -->
<testsuite hostname="Uzma" failures="0" tests="1" name="com.TestRunner.TestRunner" time="6.137" errors="1" timestamp="2025-01-26T16:51:10 IST" skipped="0">
  <testcase classname="com.TestRunner.TestRunner" name="runScenario" time="6.137">
    <error message="Cannot invoke &quot;org.openqa.selenium.SearchContext.findElement(org.openqa.selenium.By)&quot; because &quot;this.searchContext&quot; is null" type="java.lang.NullPointerException">
      <![CDATA[java.lang.NullPointerException: Cannot invoke "org.openqa.selenium.SearchContext.findElement(org.openqa.selenium.By)" because "this.searchContext" is null
at org.openqa.selenium.support.pagefactory.DefaultElementLocator.findElement(DefaultElementLocator.java:68)
at org.openqa.selenium.support.pagefactory.internal.LocatingElementHandler.invoke(LocatingElementHandler.java:38)
at jdk.proxy2/jdk.proxy2.$Proxy21.sendKeys(Unknown Source)
at com.PageLayer.LoginPage.LoginFunctionality(LoginPage.java:47)
at comStepDefination.OrangeHRMSteps.enter_the_valid_credentials(OrangeHRMSteps.java:24)
at ✽.Enter the valid credentials(file:///C:/Users/shree/eclipse-workspace/RestAssuredAPI/PCucumber/src/test/java/OrangeHrm.feature:5)
]]>
    </error>
  </testcase> <!-- runScenario -->
  <system-out/>
</testsuite> <!-- com.TestRunner.TestRunner -->
